<?xml version="1.0" encoding="UTF-8"?>
<!-- Generated by org.testng.reporters.JUnitReportReporter -->
<testsuite hostname="Sonu-PC" failures="0" tests="1" name="Academy_E2E_oldLectures.validateNAVbar" time="21.978" errors="0" timestamp="2024-02-28T07:54:26 IST" skipped="0">
  <testcase classname="Academy_E2E_oldLectures.validateNAVbar" name="titleverification" time="21.978"/>
</testsuite> <!-- Academy_E2E_oldLectures.validateNAVbar -->
