<?xml version="1.0" encoding="UTF-8"?>
<!-- Generated by org.testng.reporters.JUnitReportReporter -->
<testsuite hostname="Sonu-PC" failures="0" tests="1" name="Academy_E2E_oldLectures.validateTitle" time="8.097" errors="0" timestamp="2024-02-28T07:27:30 IST" skipped="0">
  <testcase classname="Academy_E2E_oldLectures.validateTitle" name="titleverification" time="8.097"/>
</testsuite> <!-- Academy_E2E_oldLectures.validateTitle -->
